<?xml version="1.0" encoding="UTF-8"?>
<!-- Generated by org.testng.reporters.JUnitReportReporter -->
<testsuite skipped="0" hostname="DESKTOPOFREJA" name="net.timeandtraining.AutoITDemo" tests="1" failures="0" timestamp="19 Oct 2018 02:59:58 GMT" time="38.967" errors="0">
  <testcase name="fileupload" time="38.967" classname="net.timeandtraining.AutoITDemo"/>
</testsuite> <!-- net.timeandtraining.AutoITDemo -->
